Flow report for c02_hdmi_top
Sat Dec 31 11:42:09 2022
Quartus Prime Version 22.1std.0 Build 915 10/25/2022 SC Lite Edition


---------------------
; Table of Contents ;
---------------------
  1. Legal Notice
  2. Flow Summary
  3. Flow Settings
  4. Flow Non-Default Global Settings
  5. Flow Elapsed Time
  6. Flow OS Summary
  7. Flow Log
  8. Flow Messages
  9. Flow Suppressed Messages



----------------
; Legal Notice ;
----------------
Copyright (C) 2022  Intel Corporation. All rights reserved.
Your use of Intel Corporation's design tools, logic functions 
and other software and tools, and any partner logic 
functions, and any output files from any of the foregoing 
(including device programming or simulation files), and any 
associated documentation or information are expressly subject 
to the terms and conditions of the Intel Program License 
Subscription Agreement, the Intel Quartus Prime License Agreement,
the Intel FPGA IP License Agreement, or other applicable license
agreement, including, without limitation, that your use is for
the sole purpose of programming logic devices manufactured by
Intel and sold by Intel or its authorized distributors.  Please
refer to the applicable agreement for further details, at
https://fpgasoftware.intel.com/eula.



+-------------------------------------------------------------------------------------+
; Flow Summary                                                                        ;
+------------------------------------+------------------------------------------------+
; Flow Status                        ; Successful - Sat Dec 31 11:42:04 2022          ;
; Quartus Prime Version              ; 22.1std.0 Build 915 10/25/2022 SC Lite Edition ;
; Revision Name                      ; c02_hdmi_top                                   ;
; Top-level Entity Name              ; c02_hdmi_test_top                              ;
; Family                             ; MAX 10                                         ;
; Device                             ; 10M02DCV36C8G                                  ;
; Timing Models                      ; Final                                          ;
; Total logic elements               ; 1,630 / 2,304 ( 71 % )                         ;
;     Total combinational functions  ; 1,575 / 2,304 ( 68 % )                         ;
;     Dedicated logic registers      ; 855 / 2,304 ( 37 % )                           ;
; Total registers                    ; 871                                            ;
; Total pins                         ; 11 / 27 ( 41 % )                               ;
; Total virtual pins                 ; 0                                              ;
; Total memory bits                  ; 2,304 / 110,592 ( 2 % )                        ;
; Embedded Multiplier 9-bit elements ; 0 / 32 ( 0 % )                                 ;
; Total PLLs                         ; 1 / 1 ( 100 % )                                ;
; UFM blocks                         ; 0 / 1 ( 0 % )                                  ;
; ADC blocks                         ; 0                                              ;
+------------------------------------+------------------------------------------------+


+-----------------------------------------+
; Flow Settings                           ;
+-------------------+---------------------+
; Option            ; Setting             ;
+-------------------+---------------------+
; Start date & time ; 12/31/2022 11:41:31 ;
; Main task         ; Compilation         ;
; Revision Name     ; c02_hdmi_top        ;
+-------------------+---------------------+


+-------------------------------------------------------------------------------------------------------------------------------+
; Flow Non-Default Global Settings                                                                                              ;
+-------------------------------------+----------------------------------------+---------------+-------------------+------------+
; Assignment Name                     ; Value                                  ; Default Value ; Entity Name       ; Section Id ;
+-------------------------------------+----------------------------------------+---------------+-------------------+------------+
; COMPILER_SIGNATURE_ID               ; 53849985591009.167245449003844         ; --            ; --                ; --         ;
; MAX_CORE_JUNCTION_TEMP              ; 85                                     ; --            ; --                ; --         ;
; MIN_CORE_JUNCTION_TEMP              ; 0                                      ; --            ; --                ; --         ;
; MISC_FILE                           ; ip/pll/hdmi_hdpll_bb.v                 ; --            ; --                ; --         ;
; MISC_FILE                           ; ip/pll/hdmi_hdpll.ppf                  ; --            ; --                ; --         ;
; MISC_FILE                           ; ip/pll/hdmi_sdpll_bb.v                 ; --            ; --                ; --         ;
; MISC_FILE                           ; ip/pll/hdmi_sdpll.ppf                  ; --            ; --                ; --         ;
; MISC_FILE                           ; ip/pll/hdmi_vgapll_bb.v                ; --            ; --                ; --         ;
; MISC_FILE                           ; ip/pll/hdmi_vgapll.ppf                 ; --            ; --                ; --         ;
; OUTPUT_IO_TIMING_FAR_END_VMEAS      ; Half Signal Swing                      ; --            ; --                ; --         ;
; OUTPUT_IO_TIMING_FAR_END_VMEAS      ; Half Signal Swing                      ; --            ; --                ; --         ;
; OUTPUT_IO_TIMING_NEAR_END_VMEAS     ; Half Vccio                             ; --            ; --                ; --         ;
; OUTPUT_IO_TIMING_NEAR_END_VMEAS     ; Half Vccio                             ; --            ; --                ; --         ;
; PARTITION_COLOR                     ; -- (Not supported for targeted family) ; --            ; c02_hdmi_test_top ; Top        ;
; PARTITION_FITTER_PRESERVATION_LEVEL ; -- (Not supported for targeted family) ; --            ; c02_hdmi_test_top ; Top        ;
; PARTITION_NETLIST_TYPE              ; -- (Not supported for targeted family) ; --            ; c02_hdmi_test_top ; Top        ;
; POWER_BOARD_THERMAL_MODEL           ; None (CONSERVATIVE)                    ; --            ; --                ; --         ;
; POWER_PRESET_COOLING_SOLUTION       ; 23 MM HEAT SINK WITH 200 LFPM AIRFLOW  ; --            ; --                ; --         ;
; PROJECT_OUTPUT_DIRECTORY            ; output_files                           ; --            ; --                ; --         ;
; TOP_LEVEL_ENTITY                    ; c02_hdmi_test_top                      ; c02_hdmi_top  ; --                ; --         ;
+-------------------------------------+----------------------------------------+---------------+-------------------+------------+


+--------------------------------------------------------------------------------------------------------------------------+
; Flow Elapsed Time                                                                                                        ;
+----------------------+--------------+-------------------------+---------------------+------------------------------------+
; Module Name          ; Elapsed Time ; Average Processors Used ; Peak Virtual Memory ; Total CPU Time (on all processors) ;
+----------------------+--------------+-------------------------+---------------------+------------------------------------+
; Analysis & Synthesis ; 00:00:19     ; 1.0                     ; 4828 MB             ; 00:00:39                           ;
; Fitter               ; 00:00:10     ; 1.4                     ; 5566 MB             ; 00:00:15                           ;
; Assembler            ; 00:00:02     ; 1.0                     ; 4697 MB             ; 00:00:01                           ;
; Timing Analyzer      ; 00:00:03     ; 1.6                     ; 4810 MB             ; 00:00:05                           ;
; Total                ; 00:00:34     ; --                      ; --                  ; 00:01:00                           ;
+----------------------+--------------+-------------------------+---------------------+------------------------------------+


+------------------------------------------------------------------------------------+
; Flow OS Summary                                                                    ;
+----------------------+------------------+------------+------------+----------------+
; Module Name          ; Machine Hostname ; OS Name    ; OS Version ; Processor type ;
+----------------------+------------------+------------+------------+----------------+
; Analysis & Synthesis ; BRUENNHILDE      ; Windows 10 ; 10.0       ; x86_64         ;
; Fitter               ; BRUENNHILDE      ; Windows 10 ; 10.0       ; x86_64         ;
; Assembler            ; BRUENNHILDE      ; Windows 10 ; 10.0       ; x86_64         ;
; Timing Analyzer      ; BRUENNHILDE      ; Windows 10 ; 10.0       ; x86_64         ;
+----------------------+------------------+------------+------------+----------------+


------------
; Flow Log ;
------------
quartus_map --read_settings_files=on --write_settings_files=off c02_hdmi -c c02_hdmi_top
quartus_fit --read_settings_files=off --write_settings_files=off c02_hdmi -c c02_hdmi_top
quartus_asm --read_settings_files=off --write_settings_files=off c02_hdmi -c c02_hdmi_top
quartus_sta c02_hdmi -c c02_hdmi_top



